<?xml version="1.0" encoding="UTF-8"?>
<!-- Generated by org.testng.reporters.JUnitXMLReporter -->
<testsuite hostname="Admin-PC" name="Default test" tests="1" failures="0" timestamp="15 Jun 2016 10:24:36 GMT" time="46.841" errors="0">
  <testcase name="@BeforeTest setup" time="0.0" classname="T.B">
    <failure type="org.openqa.selenium.WebDriverException" message="Failed to connect to binary FirefoxBinary(C:\Program Files (x86)\Mozilla Firefox\firefox.exe) on port 7055; process output follows: 
t/about.xul&amp;quot;,&amp;quot;icons&amp;quot;:{},&amp;quot;iconURL&amp;quot;:&amp;quot;chrome://ggmoz/content/getgo48.png&amp;quot;,&amp;quot;icon64URL&amp;quot;:null,&amp;quot;defaultLocale&amp;quot;:{&amp;quot;name&amp;quot;:&amp;quot;GetGo Firefox Addon&amp;quot;,&amp;quot;description&amp;quot;:&amp;quot;GetGo Download Manager Addon for Mozilla&amp;quot;,&amp;quot;creator&amp;quot;:&amp;quot;GetGo Software&amp;quot;,&amp;quot;homepageURL&amp;quot;:&amp;quot;http://www.getgosoft.com/&amp;quot;},&amp;quot;visible&amp;quot;:true,&amp;quot;active&amp;quot;:false,&amp;quot;userDisabled&amp;quot;:true,&amp;quot;appDisabled&amp;quot;:false,&amp;quot;descriptor&amp;quot;:&amp;quot;C:\\Program Files (x86)\\GetGo Software\\GetGo Download Manager\\GGMoz&amp;quot;,&amp;quot;installDate&amp;quot;:1462859097275,&amp;quot;updateDate&amp;quot;:1462859097275,&amp;quot;applyBackgroundUpdates&amp;quot;:1,&amp;quot;bootstrap&amp;quot;:false,&amp;quot;skinnable&amp;quot;:false,&amp;quot;size&amp;quot;:280470,&amp;quot;sourceURI&amp;quot;:null,&amp;quot;releaseNotesURI&amp;quot;:null,&amp;quot;softDisabled&amp;quot;:false,&amp;quot;foreignInstall&amp;quot;:true,&amp;quot;hasBinaryComponents&amp;quot;:false,&amp;quot;strictCompatibility&amp;quot;:false,&amp;quot;locales&amp;quot;:[],&amp;quot;targetApplications&amp;quot;:[{&amp;quot;id&amp;quot;:&amp;quot;{ec8030f7-c20a-464f-9b0e-13a3a9e97384}&amp;quot;,&amp;quot;minVersion&amp;quot;:&amp;quot;4.0b1&amp;quot;,&amp;quot;maxVersion&amp;quot;:&amp;quot;70.*&amp;quot;},{&amp;quot;id&amp;quot;:&amp;quot;{86c18b42-e466-45a9-ae7a-9b95ba6f5640}&amp;quot;,&amp;quot;minVersion&amp;quot;:&amp;quot;1.7&amp;quot;,&amp;quot;maxVersion&amp;quot;:&amp;quot;2.9&amp;quot;},{&amp;quot;id&amp;quot;:&amp;quot;{3db10fab-e461-4c80-8b97-957ad5f8ea47}&amp;quot;,&amp;quot;minVersion&amp;quot;:&amp;quot;8.0&amp;quot;,&amp;quot;maxVersion&amp;quot;:&amp;quot;9.9&amp;quot;},{&amp;quot;id&amp;quot;:&amp;quot;{a463f10c-3994-11da-9945-000d60ca027b}&amp;quot;,&amp;quot;minVersion&amp;quot;:&amp;quot;0.4+&amp;quot;,&amp;quot;maxVersion&amp;quot;:&amp;quot;2.0+&amp;quot;},{&amp;quot;id&amp;quot;:&amp;quot;songbird@songbirdnest.com&amp;quot;,&amp;quot;minVersion&amp;quot;:&amp;quot;0.3&amp;quot;,&amp;quot;maxVersion&amp;quot;:&amp;quot;0.5&amp;quot;}],&amp;quot;targetPlatforms&amp;quot;:[],&amp;quot;multiprocessCompatible&amp;quot;:false,&amp;quot;signedState&amp;quot;:0,&amp;quot;seen&amp;quot;:true}
1465986232693	DeferredSave.extensions.json	DEBUG	Save changes
1465986232693	addons.xpi	DEBUG	Updating database with changes to installed add-ons
1465986232693	addons.xpi-utils	DEBUG	Updating add-on states
1465986232694	addons.xpi-utils	DEBUG	Writing add-ons list
1465986232697	addons.xpi	DEBUG	Registering manifest for C:\Program Files (x86)\Mozilla Firefox\browser\features\e10srollout@mozilla.org.xpi
1465986232698	addons.xpi	DEBUG	Calling bootstrap method startup on e10srollout@mozilla.org version 1.0
1465986232698	addons.xpi	DEBUG	Registering manifest for C:\Program Files (x86)\Mozilla Firefox\browser\features\firefox@getpocket.com.xpi
1465986232699	addons.xpi	DEBUG	Calling bootstrap method startup on firefox@getpocket.com version 1.0.2
1465986232701	addons.xpi	DEBUG	Registering manifest for C:\Program Files (x86)\Mozilla Firefox\browser\features\loop@mozilla.org.xpi
1465986232702	addons.xpi	DEBUG	Calling bootstrap method startup on loop@mozilla.org version 1.3.2
1465986232722	addons.manager	DEBUG	Registering shutdown blocker for XPIProvider
1465986232723	addons.manager	DEBUG	Provider finished startup: XPIProvider
1465986232723	addons.manager	DEBUG	Starting provider: LightweightThemeManager
1465986232723	addons.manager	DEBUG	Registering shutdown blocker for LightweightThemeManager
1465986232723	addons.manager	DEBUG	Provider finished startup: LightweightThemeManager
1465986232723	addons.manager	DEBUG	Starting provider: GMPProvider
1465986232729	addons.manager	DEBUG	Registering shutdown blocker for GMPProvider
1465986232730	addons.manager	DEBUG	Provider finished startup: GMPProvider
1465986232730	addons.manager	DEBUG	Starting provider: PluginProvider
1465986232730	addons.manager	DEBUG	Registering shutdown blocker for PluginProvider
1465986232730	addons.manager	DEBUG	Provider finished startup: PluginProvider
1465986232730	addons.manager	DEBUG	Completed startup sequence
1465986235028	addons.manager	DEBUG	Starting provider: &amp;lt;unnamed-provider&amp;gt;
1465986235028	addons.manager	DEBUG	Registering shutdown blocker for &amp;lt;unnamed-provider&amp;gt;
1465986235028	addons.manager	DEBUG	Provider finished startup: &amp;lt;unnamed-provider&amp;gt;
1465986235030	DeferredSave.extensions.json	DEBUG	Starting write
1465986235147	addons.repository	DEBUG	No addons.json found.
1465986235148	DeferredSave.addons.json	DEBUG	Save changes
1465986235151	DeferredSave.addons.json	DEBUG	Starting timer
1465986235183	addons.manager	DEBUG	Starting provider: PreviousExperimentProvider
1465986235183	addons.manager	DEBUG	Registering shutdown blocker for PreviousExperimentProvider
1465986235183	addons.manager	DEBUG	Provider finished startup: PreviousExperimentProvider
1465986235189	DeferredSave.extensions.json	DEBUG	Write succeeded
1465986235212	DeferredSave.addons.json	DEBUG	Starting write
1465986235327	DeferredSave.addons.json	DEBUG	Write succeeded

Build info: version: &amp;apos;2.53.0&amp;apos;, revision: &amp;apos;35ae25b&amp;apos;, time: &amp;apos;2016-03-15 16:57:40&amp;apos;
System info: host: &amp;apos;Admin-PC&amp;apos;, ip: &amp;apos;192.168.0.13&amp;apos;, os.name: &amp;apos;Windows 7&amp;apos;, os.arch: &amp;apos;amd64&amp;apos;, os.version: &amp;apos;6.1&amp;apos;, java.version: &amp;apos;1.8.0_91&amp;apos;
Driver info: driver.version: FirefoxDriver">
      <![CDATA[org.openqa.selenium.WebDriverException: Failed to connect to binary FirefoxBinary(C:\Program Files (x86)\Mozilla Firefox\firefox.exe) on port 7055; process output follows: 
t/about.xul","icons":{},"iconURL":"chrome://ggmoz/content/getgo48.png","icon64URL":null,"defaultLocale":{"name":"GetGo Firefox Addon","description":"GetGo Download Manager Addon for Mozilla","creator":"GetGo Software","homepageURL":"http://www.getgosoft.com/"},"visible":true,"active":false,"userDisabled":true,"appDisabled":false,"descriptor":"C:\\Program Files (x86)\\GetGo Software\\GetGo Download Manager\\GGMoz","installDate":1462859097275,"updateDate":1462859097275,"applyBackgroundUpdates":1,"bootstrap":false,"skinnable":false,"size":280470,"sourceURI":null,"releaseNotesURI":null,"softDisabled":false,"foreignInstall":true,"hasBinaryComponents":false,"strictCompatibility":false,"locales":[],"targetApplications":[{"id":"{ec8030f7-c20a-464f-9b0e-13a3a9e97384}","minVersion":"4.0b1","maxVersion":"70.*"},{"id":"{86c18b42-e466-45a9-ae7a-9b95ba6f5640}","minVersion":"1.7","maxVersion":"2.9"},{"id":"{3db10fab-e461-4c80-8b97-957ad5f8ea47}","minVersion":"8.0","maxVersion":"9.9"},{"id":"{a463f10c-3994-11da-9945-000d60ca027b}","minVersion":"0.4+","maxVersion":"2.0+"},{"id":"songbird@songbirdnest.com","minVersion":"0.3","maxVersion":"0.5"}],"targetPlatforms":[],"multiprocessCompatible":false,"signedState":0,"seen":true}
1465986232693	DeferredSave.extensions.json	DEBUG	Save changes
1465986232693	addons.xpi	DEBUG	Updating database with changes to installed add-ons
1465986232693	addons.xpi-utils	DEBUG	Updating add-on states
1465986232694	addons.xpi-utils	DEBUG	Writing add-ons list
1465986232697	addons.xpi	DEBUG	Registering manifest for C:\Program Files (x86)\Mozilla Firefox\browser\features\e10srollout@mozilla.org.xpi
1465986232698	addons.xpi	DEBUG	Calling bootstrap method startup on e10srollout@mozilla.org version 1.0
1465986232698	addons.xpi	DEBUG	Registering manifest for C:\Program Files (x86)\Mozilla Firefox\browser\features\firefox@getpocket.com.xpi
1465986232699	addons.xpi	DEBUG	Calling bootstrap method startup on firefox@getpocket.com version 1.0.2
1465986232701	addons.xpi	DEBUG	Registering manifest for C:\Program Files (x86)\Mozilla Firefox\browser\features\loop@mozilla.org.xpi
1465986232702	addons.xpi	DEBUG	Calling bootstrap method startup on loop@mozilla.org version 1.3.2
1465986232722	addons.manager	DEBUG	Registering shutdown blocker for XPIProvider
1465986232723	addons.manager	DEBUG	Provider finished startup: XPIProvider
1465986232723	addons.manager	DEBUG	Starting provider: LightweightThemeManager
1465986232723	addons.manager	DEBUG	Registering shutdown blocker for LightweightThemeManager
1465986232723	addons.manager	DEBUG	Provider finished startup: LightweightThemeManager
1465986232723	addons.manager	DEBUG	Starting provider: GMPProvider
1465986232729	addons.manager	DEBUG	Registering shutdown blocker for GMPProvider
1465986232730	addons.manager	DEBUG	Provider finished startup: GMPProvider
1465986232730	addons.manager	DEBUG	Starting provider: PluginProvider
1465986232730	addons.manager	DEBUG	Registering shutdown blocker for PluginProvider
1465986232730	addons.manager	DEBUG	Provider finished startup: PluginProvider
1465986232730	addons.manager	DEBUG	Completed startup sequence
1465986235028	addons.manager	DEBUG	Starting provider: <unnamed-provider>
1465986235028	addons.manager	DEBUG	Registering shutdown blocker for <unnamed-provider>
1465986235028	addons.manager	DEBUG	Provider finished startup: <unnamed-provider>
1465986235030	DeferredSave.extensions.json	DEBUG	Starting write
1465986235147	addons.repository	DEBUG	No addons.json found.
1465986235148	DeferredSave.addons.json	DEBUG	Save changes
1465986235151	DeferredSave.addons.json	DEBUG	Starting timer
1465986235183	addons.manager	DEBUG	Starting provider: PreviousExperimentProvider
1465986235183	addons.manager	DEBUG	Registering shutdown blocker for PreviousExperimentProvider
1465986235183	addons.manager	DEBUG	Provider finished startup: PreviousExperimentProvider
1465986235189	DeferredSave.extensions.json	DEBUG	Write succeeded
1465986235212	DeferredSave.addons.json	DEBUG	Starting write
1465986235327	DeferredSave.addons.json	DEBUG	Write succeeded

Build info: version: '2.53.0', revision: '35ae25b', time: '2016-03-15 16:57:40'
System info: host: 'Admin-PC', ip: '192.168.0.13', os.name: 'Windows 7', os.arch: 'amd64', os.version: '6.1', java.version: '1.8.0_91'
Driver info: driver.version: FirefoxDriver
	at org.openqa.selenium.firefox.internal.NewProfileExtensionConnection.start(NewProfileExtensionConnection.java:124)
	at org.openqa.selenium.firefox.FirefoxDriver.startClient(FirefoxDriver.java:271)
	at org.openqa.selenium.remote.RemoteWebDriver.<init>(RemoteWebDriver.java:119)
	at org.openqa.selenium.firefox.FirefoxDriver.<init>(FirefoxDriver.java:218)
	at org.openqa.selenium.firefox.FirefoxDriver.<init>(FirefoxDriver.java:211)
	at org.openqa.selenium.firefox.FirefoxDriver.<init>(FirefoxDriver.java:207)
	at org.openqa.selenium.firefox.FirefoxDriver.<init>(FirefoxDriver.java:120)
	at T.B.setup(B.java:28)
	at sun.reflect.NativeMethodAccessorImpl.invoke0(Native Method)
	at sun.reflect.NativeMethodAccessorImpl.invoke(Unknown Source)
	at sun.reflect.DelegatingMethodAccessorImpl.invoke(Unknown Source)
	at java.lang.reflect.Method.invoke(Unknown Source)
	at org.testng.internal.MethodInvocationHelper.invokeMethod(MethodInvocationHelper.java:85)
	at org.testng.internal.Invoker.invokeConfigurationMethod(Invoker.java:510)
	at org.testng.internal.Invoker.invokeConfigurations(Invoker.java:211)
	at org.testng.internal.Invoker.invokeConfigurations(Invoker.java:138)
	at org.testng.TestRunner.beforeRun(TestRunner.java:648)
	at org.testng.TestRunner.run(TestRunner.java:616)
	at org.testng.SuiteRunner.runTest(SuiteRunner.java:359)
	at org.testng.SuiteRunner.runSequentially(SuiteRunner.java:354)
	at org.testng.SuiteRunner.privateRun(SuiteRunner.java:312)
	at org.testng.SuiteRunner.run(SuiteRunner.java:261)
	at org.testng.SuiteRunnerWorker.runSuite(SuiteRunnerWorker.java:52)
	at org.testng.SuiteRunnerWorker.run(SuiteRunnerWorker.java:86)
	at org.testng.TestNG.runSuitesSequentially(TestNG.java:1215)
	at org.testng.TestNG.runSuitesLocally(TestNG.java:1140)
	at org.testng.TestNG.run(TestNG.java:1048)
	at org.testng.remote.AbstractRemoteTestNG.run(AbstractRemoteTestNG.java:126)
	at org.testng.remote.RemoteTestNG.initAndRun(RemoteTestNG.java:137)
	at org.testng.remote.RemoteTestNG.main(RemoteTestNG.java:58)
Caused by: org.openqa.selenium.firefox.NotConnectedException: Unable to connect to host 127.0.0.1 on port 7055 after 45000 ms. Firefox console output:
t/about.xul","icons":{},"iconURL":"chrome://ggmoz/content/getgo48.png","icon64URL":null,"defaultLocale":{"name":"GetGo Firefox Addon","description":"GetGo Download Manager Addon for Mozilla","creator":"GetGo Software","homepageURL":"http://www.getgosoft.com/"},"visible":true,"active":false,"userDisabled":true,"appDisabled":false,"descriptor":"C:\\Program Files (x86)\\GetGo Software\\GetGo Download Manager\\GGMoz","installDate":1462859097275,"updateDate":1462859097275,"applyBackgroundUpdates":1,"bootstrap":false,"skinnable":false,"size":280470,"sourceURI":null,"releaseNotesURI":null,"softDisabled":false,"foreignInstall":true,"hasBinaryComponents":false,"strictCompatibility":false,"locales":[],"targetApplications":[{"id":"{ec8030f7-c20a-464f-9b0e-13a3a9e97384}","minVersion":"4.0b1","maxVersion":"70.*"},{"id":"{86c18b42-e466-45a9-ae7a-9b95ba6f5640}","minVersion":"1.7","maxVersion":"2.9"},{"id":"{3db10fab-e461-4c80-8b97-957ad5f8ea47}","minVersion":"8.0","maxVersion":"9.9"},{"id":"{a463f10c-3994-11da-9945-000d60ca027b}","minVersion":"0.4+","maxVersion":"2.0+"},{"id":"songbird@songbirdnest.com","minVersion":"0.3","maxVersion":"0.5"}],"targetPlatforms":[],"multiprocessCompatible":false,"signedState":0,"seen":true}
1465986232693	DeferredSave.extensions.json	DEBUG	Save changes
1465986232693	addons.xpi	DEBUG	Updating database with changes to installed add-ons
1465986232693	addons.xpi-utils	DEBUG	Updating add-on states
1465986232694	addons.xpi-utils	DEBUG	Writing add-ons list
1465986232697	addons.xpi	DEBUG	Registering manifest for C:\Program Files (x86)\Mozilla Firefox\browser\features\e10srollout@mozilla.org.xpi
1465986232698	addons.xpi	DEBUG	Calling bootstrap method startup on e10srollout@mozilla.org version 1.0
1465986232698	addons.xpi	DEBUG	Registering manifest for C:\Program Files (x86)\Mozilla Firefox\browser\features\firefox@getpocket.com.xpi
1465986232699	addons.xpi	DEBUG	Calling bootstrap method startup on firefox@getpocket.com version 1.0.2
1465986232701	addons.xpi	DEBUG	Registering manifest for C:\Program Files (x86)\Mozilla Firefox\browser\features\loop@mozilla.org.xpi
1465986232702	addons.xpi	DEBUG	Calling bootstrap method startup on loop@mozilla.org version 1.3.2
1465986232722	addons.manager	DEBUG	Registering shutdown blocker for XPIProvider
1465986232723	addons.manager	DEBUG	Provider finished startup: XPIProvider
1465986232723	addons.manager	DEBUG	Starting provider: LightweightThemeManager
1465986232723	addons.manager	DEBUG	Registering shutdown blocker for LightweightThemeManager
1465986232723	addons.manager	DEBUG	Provider finished startup: LightweightThemeManager
1465986232723	addons.manager	DEBUG	Starting provider: GMPProvider
1465986232729	addons.manager	DEBUG	Registering shutdown blocker for GMPProvider
1465986232730	addons.manager	DEBUG	Provider finished startup: GMPProvider
1465986232730	addons.manager	DEBUG	Starting provider: PluginProvider
1465986232730	addons.manager	DEBUG	Registering shutdown blocker for PluginProvider
1465986232730	addons.manager	DEBUG	Provider finished startup: PluginProvider
1465986232730	addons.manager	DEBUG	Completed startup sequence
1465986235028	addons.manager	DEBUG	Starting provider: <unnamed-provider>
1465986235028	addons.manager	DEBUG	Registering shutdown blocker for <unnamed-provider>
1465986235028	addons.manager	DEBUG	Provider finished startup: <unnamed-provider>
1465986235030	DeferredSave.extensions.json	DEBUG	Starting write
1465986235147	addons.repository	DEBUG	No addons.json found.
1465986235148	DeferredSave.addons.json	DEBUG	Save changes
1465986235151	DeferredSave.addons.json	DEBUG	Starting timer
1465986235183	addons.manager	DEBUG	Starting provider: PreviousExperimentProvider
1465986235183	addons.manager	DEBUG	Registering shutdown blocker for PreviousExperimentProvider
1465986235183	addons.manager	DEBUG	Provider finished startup: PreviousExperimentProvider
1465986235189	DeferredSave.extensions.json	DEBUG	Write succeeded
1465986235212	DeferredSave.addons.json	DEBUG	Starting write
1465986235327	DeferredSave.addons.json	DEBUG	Write succeeded

	at org.openqa.selenium.firefox.internal.NewProfileExtensionConnection.start(NewProfileExtensionConnection.java:112)
	... 29 more
]]>
    </failure>
  </testcase> <!-- @BeforeTest setup -->
  <testcase name="@AfterTest endsession" time="0.0" classname="T.B">
    <skipped/>
  </testcase> <!-- @AfterTest endsession -->
  <testcase name="click_login" time="0.004" classname="T.B">
    <skipped/>
  </testcase> <!-- click_login -->
</testsuite> <!-- Default test -->
