<?xml version="1.0" encoding="UTF-8"?>
<testng-results skipped="0" failed="0" total="1" passed="1">
  <reporter-output>
  </reporter-output>
  <suite name="Suite" duration-ms="6289" started-at="2016-06-15T12:02:02Z" finished-at="2016-06-15T12:02:08Z">
    <groups>
    </groups>
    <test name="Test" duration-ms="6289" started-at="2016-06-15T12:02:02Z" finished-at="2016-06-15T12:02:08Z">
      <class name="T.B">
        <test-method status="PASS" signature="click_login()[pri:0, instance:T.B@77f03bb1]" name="click_login" duration-ms="6264" started-at="2016-06-15T17:32:02Z" finished-at="2016-06-15T17:32:08Z">
          <reporter-output>
          </reporter-output>
        </test-method> <!-- click_login -->
      </class> <!-- T.B -->
    </test> <!-- Test -->
  </suite> <!-- Suite -->
</testng-results>
